<?xml version="1.0" encoding="UTF-8"?>
<!-- Generated by org.testng.reporters.JUnitReportReporter -->
<testsuite hostname="DESKTOP-RPNAHRE" failures="0" tests="2" name="testnngg.AutomationTestingdropdown" time="0.459" errors="0" timestamp="2023-08-06T13:35:35 IST" skipped="0">
  <testcase classname="testnngg.AutomationTestingdropdown" name="Switcht" time="0.160"/>
  <system-out/>
  <testcase classname="testnngg.AutomationTestingdropdown" name="Validate" time="0.299"/>
  <system-out/>
</testsuite> <!-- testnngg.AutomationTestingdropdown -->
