<?xml version="1.0" encoding="UTF-8"?>
<!-- Generated by org.testng.reporters.JUnitReportReporter -->
<testsuite hostname="DESKTOP-RPNAHRE" failures="0" tests="2" name="testng.Pratice" time="15.140" errors="0" timestamp="2023-08-06T21:05:41 IST" skipped="0">
  <testcase classname="testng.Pratice" name="FillupTextboxes" time="2.141"/>
  <system-out/>
  <testcase classname="testng.Pratice" name="Open_new_window" time="12.999"/>
  <system-out/>
</testsuite> <!-- testng.Pratice -->
