<?xml version="1.0" encoding="UTF-8"?>
<!-- Generated by org.testng.reporters.JUnitReportReporter -->
<testsuite hostname="DESKTOP-RPNAHRE" failures="0" tests="1" name="testng.HowManyLInksInGoogle" time="1.660" errors="0" timestamp="2023-08-06T00:39:13 IST" skipped="0">
  <testcase classname="testng.HowManyLInksInGoogle" name="f" time="1.660"/>
  <system-out/>
</testsuite> <!-- testng.HowManyLInksInGoogle -->
