<?xml version="1.0" encoding="UTF-8"?>
<!-- Generated by org.testng.reporters.JUnitReportReporter -->
<testsuite hostname="DESKTOP-RPNAHRE" failures="0" tests="1" name="dataDriven.DrivenResult" time="10.701" errors="0" timestamp="2023-08-09T03:24:48 IST" skipped="0">
  <testcase classname="dataDriven.DrivenResult" name="f" time="10.701"/>
  <system-out/>
</testsuite> <!-- dataDriven.DrivenResult -->
