<?xml version="1.0" encoding="UTF-8"?>
<!-- Generated by org.testng.reporters.JUnitReportReporter -->
<testsuite hostname="DESKTOP-RPNAHRE" failures="0" tests="1" name="testng.FindTheTooltipsOfGoogle" time="0.122" errors="0" timestamp="2023-08-13T17:46:11 IST" skipped="0">
  <testcase classname="testng.FindTheTooltipsOfGoogle" name="f" time="0.122"/>
  <system-out/>
</testsuite> <!-- testng.FindTheTooltipsOfGoogle -->
