<?xml version="1.0" encoding="UTF-8"?>
<!-- Generated by org.testng.reporters.JUnitReportReporter -->
<testsuite hostname="DESKTOP-RPNAHRE" failures="0" tests="1" name="packagges.VerifyLoginWithExceldata" time="2.141" errors="0" timestamp="2023-08-08T00:33:58 IST" skipped="0">
  <testcase classname="packagges.VerifyLoginWithExceldata" name="Verify_Login" time="2.141"/>
  <system-out/>
</testsuite> <!-- packagges.VerifyLoginWithExceldata -->
