<?xml version="1.0" encoding="UTF-8"?>
<!-- Generated by org.testng.reporters.JUnitReportReporter -->
<testsuite hostname="DESKTOP-RPNAHRE" failures="0" tests="2" name="testng.AlertsHandel" time="5.226" errors="0" timestamp="2023-08-05T03:40:32 IST" skipped="0">
  <testcase classname="testng.AlertsHandel" name="f" time="2.779"/>
  <system-out/>
  <testcase classname="testng.AlertsHandel" name="Alerts" time="2.447"/>
  <system-out/>
</testsuite> <!-- testng.AlertsHandel -->
