<?xml version="1.0" encoding="UTF-8"?>
<!-- Generated by org.testng.reporters.JUnitReportReporter -->
<testsuite hostname="DESKTOP-RPNAHRE" failures="0" tests="1" name="packagges.LoginWithORMultipleSetsOfdata" time="5.091" errors="0" timestamp="2023-08-08T02:42:22 IST" skipped="0">
  <testcase classname="packagges.LoginWithORMultipleSetsOfdata" name="login" time="5.091"/>
  <system-out/>
</testsuite> <!-- packagges.LoginWithORMultipleSetsOfdata -->
