<?xml version="1.0" encoding="UTF-8"?>
<!-- Generated by org.testng.reporters.JUnitReportReporter -->
<testsuite hostname="DESKTOP-RPNAHRE" failures="0" tests="1" name="testng.WordPresentOrNot" time="5.268" errors="0" timestamp="2023-08-05T01:54:48 IST" skipped="0">
  <testcase classname="testng.WordPresentOrNot" name="f" time="5.268"/>
  <system-out/>
</testsuite> <!-- testng.WordPresentOrNot -->
