<?xml version="1.0" encoding="UTF-8"?>
<!-- Generated by org.testng.reporters.JUnitReportReporter -->
<testsuite hostname="DESKTOP-RPNAHRE" failures="0" tests="1" name="testng.HowManyLInksInTestingDemoSite" time="2.504" errors="0" timestamp="2023-08-06T21:05:41 IST" skipped="0">
  <testcase classname="testng.HowManyLInksInTestingDemoSite" name="f" time="2.504"/>
  <system-out/>
</testsuite> <!-- testng.HowManyLInksInTestingDemoSite -->
