<?xml version="1.0" encoding="UTF-8"?>
<!-- Generated by org.testng.reporters.JUnitReportReporter -->
<testsuite hostname="DESKTOP-RPNAHRE" failures="0" tests="1" name="testng.ReadAllDataFromDropdown" time="0.247" errors="0" timestamp="2023-08-09T11:16:20 IST" skipped="0">
  <testcase classname="testng.ReadAllDataFromDropdown" name="f" time="0.247"/>
  <system-out/>
</testsuite> <!-- testng.ReadAllDataFromDropdown -->
