<?xml version="1.0" encoding="UTF-8"?>
<!-- Generated by org.testng.reporters.JUnitReportReporter -->
<testsuite hostname="DESKTOP-RPNAHRE" failures="0" tests="1" name="DataDriven.CreatExcelFile" time="0.567" errors="0" timestamp="2023-08-08T18:33:54 IST" skipped="0">
  <testcase classname="DataDriven.CreatExcelFile" name="f" time="0.567"/>
  <system-out/>
</testsuite> <!-- DataDriven.CreatExcelFile -->
