<?xml version="1.0" encoding="UTF-8"?>
<!-- Generated by org.testng.reporters.JUnitReportReporter -->
<testsuite hostname="DESKTOP-RPNAHRE" failures="0" tests="1" name="testng.Palandromic" time="6.727" errors="0" timestamp="2023-08-05T01:46:41 IST" skipped="0">
  <testcase classname="testng.Palandromic" name="f" time="6.727"/>
  <system-out/>
</testsuite> <!-- testng.Palandromic -->
