<?xml version="1.0" encoding="UTF-8"?>
<!-- Generated by org.testng.reporters.JUnitReportReporter -->
<testsuite hostname="DESKTOP-RPNAHRE" failures="0" tests="1" name="packagges.CountSeletechDropdown" time="0.066" errors="0" timestamp="2023-08-07T17:50:12 IST" skipped="0">
  <testcase classname="packagges.CountSeletechDropdown" name="f" time="0.066"/>
  <system-out/>
</testsuite> <!-- packagges.CountSeletechDropdown -->
