<?xml version="1.0" encoding="UTF-8"?>
<!-- Generated by org.testng.reporters.JUnitReportReporter -->
<testsuite hostname="DESKTOP-RPNAHRE" failures="0" tests="2" name="testng.Demo" time="3.024" errors="0" timestamp="2023-08-07T00:42:13 IST" skipped="0">
  <testcase classname="testng.Demo" name="logout" time="0.239"/>
  <system-out/>
  <testcase classname="testng.Demo" name="LoginDemo" time="2.785"/>
  <system-out/>
</testsuite> <!-- testng.Demo -->
