<?xml version="1.0" encoding="UTF-8"?>
<!-- Generated by org.testng.reporters.JUnitReportReporter -->
<testsuite hostname="DESKTOP-RPNAHRE" failures="0" tests="1" name="testng.ConformationAlert" time="0.408" errors="0" timestamp="2023-08-05T03:50:05 IST" skipped="0">
  <testcase classname="testng.ConformationAlert" name="condormation" time="0.408"/>
  <system-out/>
</testsuite> <!-- testng.ConformationAlert -->
