<?xml version="1.0" encoding="UTF-8"?>
<!-- Generated by org.testng.reporters.JUnitReportReporter -->
<testsuite hostname="DESKTOP-RPNAHRE" failures="0" tests="2" name="packagges.LoginWithOR" time="4.667" errors="0" timestamp="2023-08-08T01:49:28 IST" skipped="0">
  <testcase classname="packagges.LoginWithOR" name="logout" time="1.838"/>
  <system-out/>
  <testcase classname="packagges.LoginWithOR" name="f" time="2.829"/>
  <system-out/>
</testsuite> <!-- packagges.LoginWithOR -->
