<?xml version="1.0" encoding="UTF-8"?>
<!-- Generated by org.testng.reporters.JUnitReportReporter -->
<testsuite hostname="DESKTOP-RPNAHRE" failures="0" tests="1" name="packagges.ReadDataFromExcelFile" time="0.528" errors="0" timestamp="2023-08-08T00:11:24 IST" skipped="0">
  <testcase classname="packagges.ReadDataFromExcelFile" name="f" time="0.528"/>
  <system-out/>
</testsuite> <!-- packagges.ReadDataFromExcelFile -->
