<?xml version="1.0" encoding="UTF-8"?>
<!-- Generated by org.testng.reporters.JUnitReportReporter -->
<testsuite hostname="DESKTOP-RPNAHRE" failures="0" tests="1" name="testng.LinksFoundInAutomationTestingPratice" time="0.671" errors="0" timestamp="2023-08-06T00:55:21 IST" skipped="0">
  <testcase classname="testng.LinksFoundInAutomationTestingPratice" name="f" time="0.671"/>
  <system-out/>
</testsuite> <!-- testng.LinksFoundInAutomationTestingPratice -->
