<?xml version="1.0" encoding="UTF-8"?>
<!-- Generated by org.testng.reporters.JUnitReportReporter -->
<testsuite hostname="DESKTOP-RPNAHRE" failures="0" tests="1" name="testng.BootstrapAlert" time="2.415" errors="0" timestamp="2023-08-05T04:38:06 IST" skipped="0">
  <testcase classname="testng.BootstrapAlert" name="BootstrapAll" time="2.415"/>
  <system-out/>
</testsuite> <!-- testng.BootstrapAlert -->
