<?xml version="1.0" encoding="UTF-8"?>
<!-- Generated by org.testng.reporters.JUnitReportReporter -->
<testsuite hostname="DESKTOP-RPNAHRE" failures="0" tests="1" name="packagges.Login_Retesting" time="71.855" errors="0" timestamp="2023-08-08T04:23:37 IST" skipped="0">
  <testcase classname="packagges.Login_Retesting" name="f" time="71.855"/>
  <system-out/>
</testsuite> <!-- packagges.Login_Retesting -->
