<?xml version="1.0" encoding="UTF-8"?>
<!-- Generated by org.testng.reporters.JUnitReportReporter -->
<testsuite hostname="DESKTOP-RPNAHRE" failures="0" tests="3" name="testng.NewTest" time="0.081" errors="0" timestamp="2023-08-04T15:28:16 IST" skipped="0">
  <testcase classname="testng.NewTest" name="C" time="0.010"/>
  <system-out/>
  <testcase classname="testng.NewTest" name="A" time="0.014"/>
  <system-out/>
  <testcase classname="testng.NewTest" name="f" time="0.057"/>
  <system-out/>
</testsuite> <!-- testng.NewTest -->
