<?xml version="1.0" encoding="UTF-8"?>
<!-- Generated by org.testng.reporters.JUnitReportReporter -->
<testsuite hostname="DESKTOP-RPNAHRE" failures="0" tests="1" name="com_java_google_HomePage.Search" time="0.006" errors="0" timestamp="2023-09-05T15:14:33 IST" skipped="0">
  <testcase classname="com_java_google_HomePage.Search" name="Open_Google" time="0.006"/>
  <system-out/>
</testsuite> <!-- com_java_google_HomePage.Search -->
