<?xml version="1.0" encoding="UTF-8"?>
<!-- Generated by org.testng.reporters.JUnitReportReporter -->
<testsuite hostname="DESKTOP-RPNAHRE" failures="0" tests="1" name="com_java_google_HomePage.SearchInGoogle" time="0.508" errors="0" timestamp="2023-09-06T07:49:36 IST" skipped="0">
  <testcase classname="com_java_google_HomePage.SearchInGoogle" name="OpenGoogle" time="0.508"/>
  <system-out/>
</testsuite> <!-- com_java_google_HomePage.SearchInGoogle -->
