<?xml version="1.0" encoding="UTF-8"?>
<!-- Generated by org.testng.reporters.JUnitReportReporter -->
<testsuite hostname="DESKTOP-RPNAHRE" failures="0" tests="1" name="com.java.project.Objects.GoogleSearch" time="4.448" errors="0" timestamp="2023-09-16T13:40:09 IST" skipped="0">
  <testcase classname="com.java.project.Objects.GoogleSearch" name="Open" time="4.448"/>
  <system-out/>
</testsuite> <!-- com.java.project.Objects.GoogleSearch -->
