<?xml version="1.0" encoding="UTF-8"?>
<!-- Generated by org.testng.reporters.JUnitReportReporter -->
<testsuite hostname="DESKTOP-RPNAHRE" failures="0" tests="1" name="com.java.sworga.AutomateSworgs" time="0.023" errors="0" timestamp="2023-09-16T02:50:22 IST" skipped="0">
  <testcase classname="com.java.sworga.AutomateSworgs" name="LoginApp" time="0.023"/>
  <system-out/>
</testsuite> <!-- com.java.sworga.AutomateSworgs -->
