<?xml version="1.0" encoding="UTF-8"?>
<!-- Generated by org.testng.reporters.JUnitReportReporter -->
<testsuite hostname="DESKTOP-RPNAHRE" failures="0" tests="1" name="selenium.java.selenium.java.pop_ups.GoogleLanguage" time="14.808" errors="0" timestamp="2023-02-02T20:47:26 IST" skipped="0">
  <testcase classname="selenium.java.selenium.java.pop_ups.GoogleLanguage" name="f" time="14.808"/>
  <system-out/>
</testsuite> <!-- selenium.java.selenium.java.pop_ups.GoogleLanguage -->
