<?xml version="1.0" encoding="UTF-8"?>
<!-- Generated by org.testng.reporters.JUnitReportReporter -->
<testsuite hostname="DESKTOP-RPNAHRE" failures="0" tests="3" name="com.java.com.java.testng.HMSAlert" time="54.214" errors="0" timestamp="2023-02-03T22:04:18 IST" skipped="0">
  <testcase classname="com.java.com.java.testng.HMSAlert" name="f" time="24.669"/>
  <system-out/>
  <testcase classname="com.java.com.java.testng.HMSAlert" name="SON" time="29.153"/>
  <system-out/>
  <testcase classname="com.java.com.java.testng.HMSAlert" name="MOON" time="0.392"/>
  <system-out/>
</testsuite> <!-- com.java.com.java.testng.HMSAlert -->
