<?xml version="1.0" encoding="UTF-8"?>
<!-- Generated by org.testng.reporters.JUnitReportReporter -->
<testsuite hostname="DESKTOP-RPNAHRE" failures="0" tests="1" name="com.java.testng.FirsttestNG" time="0.044" errors="0" timestamp="2023-02-02T19:28:56 IST" skipped="0">
  <testcase classname="com.java.testng.FirsttestNG" name="FirstTestNG" time="0.044"/>
  <system-out/>
</testsuite> <!-- com.java.testng.FirsttestNG -->
