<?xml version="1.0" encoding="UTF-8"?>
<!-- Generated by org.testng.reporters.JUnitReportReporter -->
<testsuite hostname="DESKTOP-RPNAHRE" failures="0" tests="1" name="youtube.ID" time="1.652" errors="0" timestamp="2023-02-05T01:18:03 IST" skipped="0">
  <testcase classname="youtube.ID" name="f" time="1.652"/>
  <system-out/>
</testsuite> <!-- youtube.ID -->
