<?xml version="1.0" encoding="UTF-8"?>
<!-- Generated by org.testng.reporters.JUnitReportReporter -->
<testsuite hostname="DESKTOP-RPNAHRE" failures="0" tests="1" name="youtube.cssSelector" time="45.025" errors="0" timestamp="2023-02-05T22:22:26 IST" skipped="0">
  <testcase classname="youtube.cssSelector" name="f" time="45.025"/>
  <system-out/>
</testsuite> <!-- youtube.cssSelector -->
