<?xml version="1.0" encoding="UTF-8"?>
<!-- Generated by org.testng.reporters.JUnitReportReporter -->
<testsuite hostname="DESKTOP-RPNAHRE" failures="0" tests="1" name="youtube.Tag" time="0.141" errors="0" timestamp="2023-02-05T01:27:32 IST" skipped="0">
  <testcase classname="youtube.Tag" name="f" time="0.141"/>
  <system-out/>
</testsuite> <!-- youtube.Tag -->
