<?xml version="1.0" encoding="UTF-8"?>
<!-- Generated by org.testng.reporters.JUnitReportReporter -->
<testsuite hostname="DESKTOP-RPNAHRE" failures="0" tests="1" name="com.log4j2example.test.log4jExampleTest.TestLoggingLog4j" time="0.061" errors="0" timestamp="2023-09-17T02:20:41 IST" skipped="0">
  <testcase classname="com.log4j2example.test.log4jExampleTest.TestLoggingLog4j" name="f" time="0.061"/>
  <system-out/>
</testsuite> <!-- com.log4j2example.test.log4jExampleTest.TestLoggingLog4j -->
