<?xml version="1.0" encoding="UTF-8"?>
<!-- Generated by org.testng.reporters.JUnitReportReporter -->
<testsuite hostname="DESKTOP-RPNAHRE" failures="0" tests="1" name="cm.jav.home.Homw" time="0.055" errors="0" timestamp="2023-09-16T23:02:23 IST" skipped="0">
  <testcase classname="cm.jav.home.Homw" name="f" time="0.055"/>
  <system-out/>
</testsuite> <!-- cm.jav.home.Homw -->
