<?xml version="1.0" encoding="UTF-8"?>
<!-- Generated by org.testng.reporters.JUnitReportReporter -->
<testsuite hostname="DESKTOP-RPNAHRE" failures="0" tests="1" name="objects.Sorga" time="25.911" errors="0" timestamp="2023-09-17T01:37:29 IST" skipped="0">
  <testcase classname="objects.Sorga" name="f" time="25.911"/>
  <system-out>
    <![CDATA[Test start running org.testng.internal.TestResult
Test is success org.testng.internal.TestResult]]>
  </system-out>
</testsuite> <!-- objects.Sorga -->
