<?xml version="1.0" encoding="UTF-8"?>
<!-- Generated by org.testng.reporters.JUnitReportReporter -->
<testsuite hostname="DESKTOP-RPNAHRE" failures="0" tests="1" name="com.mr.project.sample.LoginSorga" time="3.161" errors="0" timestamp="2023-08-15T20:01:30 IST" skipped="0">
  <testcase classname="com.mr.project.sample.LoginSorga" name="Sorga_Login" time="3.161"/>
  <system-out/>
</testsuite> <!-- com.mr.project.sample.LoginSorga -->
