<?xml version="1.0" encoding="UTF-8"?>
<!-- Generated by org.testng.reporters.JUnitReportReporter -->
<testsuite hostname="DESKTOP-RPNAHRE" failures="0" tests="1" name="com.mr.project.sample.LoginFaceBookUsingGoogle" time="0.728" errors="0" timestamp="2023-08-15T21:22:58 IST" skipped="0">
  <testcase classname="com.mr.project.sample.LoginFaceBookUsingGoogle" name="f" time="0.728"/>
  <system-out/>
</testsuite> <!-- com.mr.project.sample.LoginFaceBookUsingGoogle -->
